15:10:07.910 [main] INFO  o.s.web.context.ContextLoader - Root WebApplicationContext: initialization started
15:10:07.939 [main] INFO  o.s.w.c.s.AnnotationConfigWebApplicationContext - Refreshing Root WebApplicationContext: startup date [Thu Sep 04 15:10:07 CST 2014]; root of context hierarchy
15:10:07.979 [main] INFO  o.s.w.c.s.AnnotationConfigWebApplicationContext - Registering annotated classes: [class net.petrikainulainen.spring.datajpa.config.ApplicationContext]
15:10:08.104 [main] INFO  o.s.b.f.xml.XmlBeanDefinitionReader - Loading XML bean definitions from class path resource [applicationContext.xml]
15:10:08.382 [main] INFO  o.s.b.f.a.AutowiredAnnotationBeanPostProcessor - JSR-330 'javax.inject.Inject' annotation found and supported for autowiring
15:10:08.576 [main] INFO  o.s.o.j.LocalContainerEntityManagerFactoryBean - Building JPA container EntityManagerFactory for persistence unit 'default'
15:10:08.604 [main] WARN  o.hibernate.ejb.HibernatePersistence - HHH015016: Encountered a deprecated javax.persistence.spi.PersistenceProvider [org.hibernate.ejb.HibernatePersistence]; use [org.hibernate.jpa.HibernatePersistenceProvider] instead.
15:10:08.618 [main] INFO  o.h.jpa.internal.util.LogHelper - HHH000204: Processing PersistenceUnitInfo [
	name: default
	...]
15:10:08.700 [main] INFO  org.hibernate.Version - HHH000412: Hibernate Core {4.3.6.Final}
15:10:08.714 [main] INFO  org.hibernate.cfg.Environment - HHH000206: hibernate.properties not found
15:10:08.716 [main] INFO  org.hibernate.cfg.Environment - HHH000021: Bytecode provider name : javassist
15:10:08.889 [main] INFO  o.h.annotations.common.Version - HCANN000001: Hibernate Commons Annotations {4.0.5.Final}
15:10:09.283 [main] INFO  org.hibernate.dialect.Dialect - HHH000400: Using dialect: org.hibernate.dialect.H2Dialect
15:10:09.339 [main] INFO  o.h.h.i.a.ASTQueryTranslatorFactory - HHH000397: Using ASTQueryTranslatorFactory
15:10:09.478 [main] INFO  o.s.b.f.s.DefaultListableBeanFactory - Pre-instantiating singletons in org.springframework.beans.factory.support.DefaultListableBeanFactory@12d5c30e: defining beans [org.springframework.context.annotation.internalConfigurationAnnotationProcessor,org.springframework.context.annotation.internalAutowiredAnnotationProcessor,org.springframework.context.annotation.internalRequiredAnnotationProcessor,org.springframework.context.annotation.internalCommonAnnotationProcessor,org.springframework.context.annotation.internalPersistenceAnnotationProcessor,applicationContext,org.springframework.context.annotation.ConfigurationClassPostProcessor.importAwareProcessor,homeController,org.springframework.web.servlet.config.annotation.DelegatingWebMvcConfiguration,handlerExceptionResolver,mvcValidator,requestMappingHandlerMapping,mvcContentNegotiationManager,viewControllerHandlerMapping,beanNameHandlerMapping,resourceHandlerMapping,defaultServletHandlerMapping,requestMappingHandlerAdapter,mvcConversionService,httpRequestHandlerAdapter,simpleControllerHandlerAdapter,viewResolver,transactionManager,entityManagerFactoryBean,dataSource,messageSource,org.springframework.web.servlet.resource.ResourceHttpRequestHandler#0,org.springframework.web.servlet.handler.SimpleUrlHandlerMapping#0,org.springframework.web.servlet.handler.BeanNameUrlHandlerMapping,org.springframework.web.servlet.mvc.HttpRequestHandlerAdapter,org.springframework.web.servlet.mvc.SimpleControllerHandlerAdapter,org.springframework.web.servlet.resource.DefaultServletHttpRequestHandler#0,org.springframework.web.servlet.handler.SimpleUrlHandlerMapping#1,org.springframework.data.jpa.repository.config.JpaRepositoryConfigExtension#0,org.springframework.data.repository.core.support.RepositoryInterfaceAwareBeanPostProcessor#0,org.springframework.data.jpa.repository.support.EntityManagerBeanDefinitionRegistrarPostProcessor#0,jpaMapppingContext,org.springframework.orm.jpa.SharedEntityManagerCreator#0]; root of factory hierarchy
15:10:09.854 [main] INFO  o.s.w.s.m.m.a.RequestMappingHandlerMapping - Mapped "{[/],methods=[GET],params=[],headers=[],consumes=[],produces=[],custom=[]}" onto public java.lang.String net.petrikainulainen.spring.datajpa.controller.HomeController.showPage()
15:10:10.047 [main] INFO  o.s.w.s.h.SimpleUrlHandlerMapping - Mapped URL path [/static/**] onto handler 'org.springframework.web.servlet.resource.ResourceHttpRequestHandler#0'
15:10:10.054 [main] INFO  o.s.w.s.h.SimpleUrlHandlerMapping - Mapped URL path [/**] onto handler 'org.springframework.web.servlet.resource.DefaultServletHttpRequestHandler#0'
15:10:10.096 [main] INFO  o.s.web.context.ContextLoader - Root WebApplicationContext: initialization completed in 2184 ms
15:10:10.146 [main] INFO  o.s.web.servlet.DispatcherServlet - FrameworkServlet 'dispatcher': initialization started
15:10:10.168 [main] INFO  o.s.web.servlet.DispatcherServlet - FrameworkServlet 'dispatcher': initialization completed in 22 ms
15:27:26.355 [Thread-1] INFO  o.s.w.c.s.AnnotationConfigWebApplicationContext - Closing Root WebApplicationContext: startup date [Thu Sep 04 15:10:07 CST 2014]; root of context hierarchy
15:27:26.356 [Thread-1] INFO  o.s.b.f.s.DefaultListableBeanFactory - Destroying singletons in org.springframework.beans.factory.support.DefaultListableBeanFactory@12d5c30e: defining beans [org.springframework.context.annotation.internalConfigurationAnnotationProcessor,org.springframework.context.annotation.internalAutowiredAnnotationProcessor,org.springframework.context.annotation.internalRequiredAnnotationProcessor,org.springframework.context.annotation.internalCommonAnnotationProcessor,org.springframework.context.annotation.internalPersistenceAnnotationProcessor,applicationContext,org.springframework.context.annotation.ConfigurationClassPostProcessor.importAwareProcessor,homeController,org.springframework.web.servlet.config.annotation.DelegatingWebMvcConfiguration,handlerExceptionResolver,mvcValidator,requestMappingHandlerMapping,mvcContentNegotiationManager,viewControllerHandlerMapping,beanNameHandlerMapping,resourceHandlerMapping,defaultServletHandlerMapping,requestMappingHandlerAdapter,mvcConversionService,httpRequestHandlerAdapter,simpleControllerHandlerAdapter,viewResolver,transactionManager,entityManagerFactoryBean,dataSource,messageSource,org.springframework.web.servlet.resource.ResourceHttpRequestHandler#0,org.springframework.web.servlet.handler.SimpleUrlHandlerMapping#0,org.springframework.web.servlet.handler.BeanNameUrlHandlerMapping,org.springframework.web.servlet.mvc.HttpRequestHandlerAdapter,org.springframework.web.servlet.mvc.SimpleControllerHandlerAdapter,org.springframework.web.servlet.resource.DefaultServletHttpRequestHandler#0,org.springframework.web.servlet.handler.SimpleUrlHandlerMapping#1,org.springframework.data.jpa.repository.config.JpaRepositoryConfigExtension#0,org.springframework.data.repository.core.support.RepositoryInterfaceAwareBeanPostProcessor#0,org.springframework.data.jpa.repository.support.EntityManagerBeanDefinitionRegistrarPostProcessor#0,jpaMapppingContext,org.springframework.orm.jpa.SharedEntityManagerCreator#0]; root of factory hierarchy
15:27:26.364 [Thread-1] INFO  o.s.o.j.LocalContainerEntityManagerFactoryBean - Closing JPA EntityManagerFactory for persistence unit 'default'
15:27:26.365 [Thread-1] INFO  com.jolbox.bonecp.BoneCP - Shutting down connection pool...
15:27:26.367 [Thread-1] INFO  com.jolbox.bonecp.BoneCP - Connection pool has been shutdown.
15:27:47.568 [main] INFO  o.s.web.context.ContextLoader - Root WebApplicationContext: initialization started
15:27:47.616 [main] INFO  o.s.w.c.s.AnnotationConfigWebApplicationContext - Refreshing Root WebApplicationContext: startup date [Thu Sep 04 15:27:47 CST 2014]; root of context hierarchy
15:27:47.666 [main] INFO  o.s.w.c.s.AnnotationConfigWebApplicationContext - Registering annotated classes: [class net.petrikainulainen.spring.datajpa.config.ApplicationContext]
15:27:47.837 [main] INFO  o.s.b.f.xml.XmlBeanDefinitionReader - Loading XML bean definitions from class path resource [applicationContext.xml]
15:27:48.131 [main] INFO  o.s.b.f.a.AutowiredAnnotationBeanPostProcessor - JSR-330 'javax.inject.Inject' annotation found and supported for autowiring
15:27:48.335 [main] INFO  o.s.o.j.LocalContainerEntityManagerFactoryBean - Building JPA container EntityManagerFactory for persistence unit 'default'
15:27:48.336 [main] WARN  o.hibernate.ejb.HibernatePersistence - HHH015016: Encountered a deprecated javax.persistence.spi.PersistenceProvider [org.hibernate.ejb.HibernatePersistence]; use [org.hibernate.jpa.HibernatePersistenceProvider] instead.
15:27:48.348 [main] INFO  o.h.jpa.internal.util.LogHelper - HHH000204: Processing PersistenceUnitInfo [
	name: default
	...]
15:27:48.415 [main] INFO  org.hibernate.Version - HHH000412: Hibernate Core {4.3.6.Final}
15:27:48.418 [main] INFO  org.hibernate.cfg.Environment - HHH000206: hibernate.properties not found
15:27:48.420 [main] INFO  org.hibernate.cfg.Environment - HHH000021: Bytecode provider name : javassist
15:27:48.855 [main] INFO  o.h.annotations.common.Version - HCANN000001: Hibernate Commons Annotations {4.0.5.Final}
15:27:49.212 [main] INFO  org.hibernate.dialect.Dialect - HHH000400: Using dialect: org.hibernate.dialect.H2Dialect
15:27:49.276 [main] INFO  o.h.h.i.a.ASTQueryTranslatorFactory - HHH000397: Using ASTQueryTranslatorFactory
15:27:49.679 [main] INFO  o.s.b.f.s.DefaultListableBeanFactory - Pre-instantiating singletons in org.springframework.beans.factory.support.DefaultListableBeanFactory@4e904fd5: defining beans [org.springframework.context.annotation.internalConfigurationAnnotationProcessor,org.springframework.context.annotation.internalAutowiredAnnotationProcessor,org.springframework.context.annotation.internalRequiredAnnotationProcessor,org.springframework.context.annotation.internalCommonAnnotationProcessor,org.springframework.context.annotation.internalPersistenceAnnotationProcessor,applicationContext,org.springframework.context.annotation.ConfigurationClassPostProcessor.importAwareProcessor,homeController,org.springframework.web.servlet.config.annotation.DelegatingWebMvcConfiguration,requestMappingHandlerMapping,mvcContentNegotiationManager,viewControllerHandlerMapping,beanNameHandlerMapping,resourceHandlerMapping,defaultServletHandlerMapping,requestMappingHandlerAdapter,mvcConversionService,httpRequestHandlerAdapter,simpleControllerHandlerAdapter,mvcValidator,handlerExceptionResolver,messageSource,transactionManager,entityManagerFactoryBean,viewResolver,dataSource,org.springframework.web.servlet.resource.ResourceHttpRequestHandler#0,org.springframework.web.servlet.handler.SimpleUrlHandlerMapping#0,org.springframework.web.servlet.handler.BeanNameUrlHandlerMapping,org.springframework.web.servlet.mvc.HttpRequestHandlerAdapter,org.springframework.web.servlet.mvc.SimpleControllerHandlerAdapter,org.springframework.web.servlet.resource.DefaultServletHttpRequestHandler#0,org.springframework.web.servlet.handler.SimpleUrlHandlerMapping#1,org.springframework.data.jpa.repository.config.JpaRepositoryConfigExtension#0,org.springframework.data.repository.core.support.RepositoryInterfaceAwareBeanPostProcessor#0,org.springframework.data.jpa.repository.support.EntityManagerBeanDefinitionRegistrarPostProcessor#0,jpaMapppingContext,org.springframework.orm.jpa.SharedEntityManagerCreator#0]; root of factory hierarchy
15:27:49.779 [main] INFO  o.s.w.s.m.m.a.RequestMappingHandlerMapping - Mapped "{[/],methods=[GET],params=[],headers=[],consumes=[],produces=[],custom=[]}" onto public java.lang.String net.petrikainulainen.spring.datajpa.controller.HomeController.showPage()
15:27:50.060 [main] INFO  o.s.w.s.h.SimpleUrlHandlerMapping - Mapped URL path [/static/**] onto handler 'org.springframework.web.servlet.resource.ResourceHttpRequestHandler#0'
15:27:50.082 [main] INFO  o.s.w.s.h.SimpleUrlHandlerMapping - Mapped URL path [/**] onto handler 'org.springframework.web.servlet.resource.DefaultServletHttpRequestHandler#0'
15:27:50.124 [main] INFO  o.s.web.context.ContextLoader - Root WebApplicationContext: initialization completed in 2554 ms
15:27:50.171 [main] INFO  o.s.web.servlet.DispatcherServlet - FrameworkServlet 'dispatcher': initialization started
15:27:50.196 [main] INFO  o.s.web.servlet.DispatcherServlet - FrameworkServlet 'dispatcher': initialization completed in 25 ms
15:28:41.786 [Thread-1] INFO  o.s.w.c.s.AnnotationConfigWebApplicationContext - Closing Root WebApplicationContext: startup date [Thu Sep 04 15:27:47 CST 2014]; root of context hierarchy
15:28:41.787 [Thread-1] INFO  o.s.b.f.s.DefaultListableBeanFactory - Destroying singletons in org.springframework.beans.factory.support.DefaultListableBeanFactory@4e904fd5: defining beans [org.springframework.context.annotation.internalConfigurationAnnotationProcessor,org.springframework.context.annotation.internalAutowiredAnnotationProcessor,org.springframework.context.annotation.internalRequiredAnnotationProcessor,org.springframework.context.annotation.internalCommonAnnotationProcessor,org.springframework.context.annotation.internalPersistenceAnnotationProcessor,applicationContext,org.springframework.context.annotation.ConfigurationClassPostProcessor.importAwareProcessor,homeController,org.springframework.web.servlet.config.annotation.DelegatingWebMvcConfiguration,requestMappingHandlerMapping,mvcContentNegotiationManager,viewControllerHandlerMapping,beanNameHandlerMapping,resourceHandlerMapping,defaultServletHandlerMapping,requestMappingHandlerAdapter,mvcConversionService,httpRequestHandlerAdapter,simpleControllerHandlerAdapter,mvcValidator,handlerExceptionResolver,messageSource,transactionManager,entityManagerFactoryBean,viewResolver,dataSource,org.springframework.web.servlet.resource.ResourceHttpRequestHandler#0,org.springframework.web.servlet.handler.SimpleUrlHandlerMapping#0,org.springframework.web.servlet.handler.BeanNameUrlHandlerMapping,org.springframework.web.servlet.mvc.HttpRequestHandlerAdapter,org.springframework.web.servlet.mvc.SimpleControllerHandlerAdapter,org.springframework.web.servlet.resource.DefaultServletHttpRequestHandler#0,org.springframework.web.servlet.handler.SimpleUrlHandlerMapping#1,org.springframework.data.jpa.repository.config.JpaRepositoryConfigExtension#0,org.springframework.data.repository.core.support.RepositoryInterfaceAwareBeanPostProcessor#0,org.springframework.data.jpa.repository.support.EntityManagerBeanDefinitionRegistrarPostProcessor#0,jpaMapppingContext,org.springframework.orm.jpa.SharedEntityManagerCreator#0]; root of factory hierarchy
15:28:41.794 [Thread-1] INFO  o.s.o.j.LocalContainerEntityManagerFactoryBean - Closing JPA EntityManagerFactory for persistence unit 'default'
15:28:41.797 [Thread-1] INFO  com.jolbox.bonecp.BoneCP - Shutting down connection pool...
15:28:41.805 [Thread-1] INFO  com.jolbox.bonecp.BoneCP - Connection pool has been shutdown.
15:47:25.963 [main] INFO  o.s.web.context.ContextLoader - Root WebApplicationContext: initialization started
15:47:26.015 [main] INFO  o.s.w.c.s.AnnotationConfigWebApplicationContext - Refreshing Root WebApplicationContext: startup date [Thu Sep 04 15:47:26 CST 2014]; root of context hierarchy
15:47:26.054 [main] INFO  o.s.w.c.s.AnnotationConfigWebApplicationContext - Registering annotated classes: [class net.petrikainulainen.spring.datajpa.config.ApplicationContext]
15:47:26.176 [main] INFO  o.s.b.f.xml.XmlBeanDefinitionReader - Loading XML bean definitions from class path resource [applicationContext.xml]
15:47:26.544 [main] INFO  o.s.b.f.a.AutowiredAnnotationBeanPostProcessor - JSR-330 'javax.inject.Inject' annotation found and supported for autowiring
15:47:26.798 [main] INFO  o.s.o.j.LocalContainerEntityManagerFactoryBean - Building JPA container EntityManagerFactory for persistence unit 'default'
15:47:26.835 [main] INFO  o.h.jpa.internal.util.LogHelper - HHH000204: Processing PersistenceUnitInfo [
	name: default
	...]
15:47:26.939 [main] INFO  org.hibernate.Version - HHH000412: Hibernate Core {4.3.6.Final}
15:47:26.942 [main] INFO  org.hibernate.cfg.Environment - HHH000206: hibernate.properties not found
15:47:26.944 [main] INFO  org.hibernate.cfg.Environment - HHH000021: Bytecode provider name : javassist
15:47:27.336 [main] INFO  o.h.annotations.common.Version - HCANN000001: Hibernate Commons Annotations {4.0.5.Final}
15:47:27.694 [main] INFO  org.hibernate.dialect.Dialect - HHH000400: Using dialect: org.hibernate.dialect.H2Dialect
15:47:27.764 [main] INFO  o.h.h.i.a.ASTQueryTranslatorFactory - HHH000397: Using ASTQueryTranslatorFactory
15:47:28.329 [main] INFO  o.s.b.f.s.DefaultListableBeanFactory - Pre-instantiating singletons in org.springframework.beans.factory.support.DefaultListableBeanFactory@4e904fd5: defining beans [org.springframework.context.annotation.internalConfigurationAnnotationProcessor,org.springframework.context.annotation.internalAutowiredAnnotationProcessor,org.springframework.context.annotation.internalRequiredAnnotationProcessor,org.springframework.context.annotation.internalCommonAnnotationProcessor,org.springframework.context.annotation.internalPersistenceAnnotationProcessor,applicationContext,org.springframework.context.annotation.ConfigurationClassPostProcessor.importAwareProcessor,homeController,org.springframework.web.servlet.config.annotation.DelegatingWebMvcConfiguration,mvcValidator,requestMappingHandlerMapping,mvcContentNegotiationManager,viewControllerHandlerMapping,beanNameHandlerMapping,resourceHandlerMapping,defaultServletHandlerMapping,requestMappingHandlerAdapter,mvcConversionService,httpRequestHandlerAdapter,simpleControllerHandlerAdapter,handlerExceptionResolver,dataSource,messageSource,transactionManager,entityManagerFactoryBean,viewResolver,org.springframework.web.servlet.resource.ResourceHttpRequestHandler#0,org.springframework.web.servlet.handler.SimpleUrlHandlerMapping#0,org.springframework.web.servlet.handler.BeanNameUrlHandlerMapping,org.springframework.web.servlet.mvc.HttpRequestHandlerAdapter,org.springframework.web.servlet.mvc.SimpleControllerHandlerAdapter,org.springframework.web.servlet.resource.DefaultServletHttpRequestHandler#0,org.springframework.web.servlet.handler.SimpleUrlHandlerMapping#1,org.springframework.data.jpa.repository.config.JpaRepositoryConfigExtension#0,org.springframework.data.repository.core.support.RepositoryInterfaceAwareBeanPostProcessor#0,org.springframework.data.jpa.repository.support.EntityManagerBeanDefinitionRegistrarPostProcessor#0,jpaMapppingContext,org.springframework.orm.jpa.SharedEntityManagerCreator#0]; root of factory hierarchy
15:47:28.431 [main] INFO  o.s.w.s.m.m.a.RequestMappingHandlerMapping - Mapped "{[/],methods=[GET],params=[],headers=[],consumes=[],produces=[],custom=[]}" onto public java.lang.String net.petrikainulainen.spring.datajpa.controller.HomeController.showPage()
15:47:28.683 [main] INFO  o.s.w.s.h.SimpleUrlHandlerMapping - Mapped URL path [/static/**] onto handler 'org.springframework.web.servlet.resource.ResourceHttpRequestHandler#0'
15:47:28.689 [main] INFO  o.s.w.s.h.SimpleUrlHandlerMapping - Mapped URL path [/**] onto handler 'org.springframework.web.servlet.resource.DefaultServletHttpRequestHandler#0'
15:47:28.721 [main] INFO  o.s.web.context.ContextLoader - Root WebApplicationContext: initialization completed in 2737 ms
15:47:28.767 [main] INFO  o.s.web.servlet.DispatcherServlet - FrameworkServlet 'dispatcher': initialization started
15:47:28.786 [main] INFO  o.s.web.servlet.DispatcherServlet - FrameworkServlet 'dispatcher': initialization completed in 18 ms
19:17:25.693 [Thread-1] INFO  o.s.w.c.s.AnnotationConfigWebApplicationContext - Closing Root WebApplicationContext: startup date [Thu Sep 04 15:47:26 CST 2014]; root of context hierarchy
19:17:25.970 [Thread-1] INFO  o.s.b.f.s.DefaultListableBeanFactory - Destroying singletons in org.springframework.beans.factory.support.DefaultListableBeanFactory@4e904fd5: defining beans [org.springframework.context.annotation.internalConfigurationAnnotationProcessor,org.springframework.context.annotation.internalAutowiredAnnotationProcessor,org.springframework.context.annotation.internalRequiredAnnotationProcessor,org.springframework.context.annotation.internalCommonAnnotationProcessor,org.springframework.context.annotation.internalPersistenceAnnotationProcessor,applicationContext,org.springframework.context.annotation.ConfigurationClassPostProcessor.importAwareProcessor,homeController,org.springframework.web.servlet.config.annotation.DelegatingWebMvcConfiguration,mvcValidator,requestMappingHandlerMapping,mvcContentNegotiationManager,viewControllerHandlerMapping,beanNameHandlerMapping,resourceHandlerMapping,defaultServletHandlerMapping,requestMappingHandlerAdapter,mvcConversionService,httpRequestHandlerAdapter,simpleControllerHandlerAdapter,handlerExceptionResolver,dataSource,messageSource,transactionManager,entityManagerFactoryBean,viewResolver,org.springframework.web.servlet.resource.ResourceHttpRequestHandler#0,org.springframework.web.servlet.handler.SimpleUrlHandlerMapping#0,org.springframework.web.servlet.handler.BeanNameUrlHandlerMapping,org.springframework.web.servlet.mvc.HttpRequestHandlerAdapter,org.springframework.web.servlet.mvc.SimpleControllerHandlerAdapter,org.springframework.web.servlet.resource.DefaultServletHttpRequestHandler#0,org.springframework.web.servlet.handler.SimpleUrlHandlerMapping#1,org.springframework.data.jpa.repository.config.JpaRepositoryConfigExtension#0,org.springframework.data.repository.core.support.RepositoryInterfaceAwareBeanPostProcessor#0,org.springframework.data.jpa.repository.support.EntityManagerBeanDefinitionRegistrarPostProcessor#0,jpaMapppingContext,org.springframework.orm.jpa.SharedEntityManagerCreator#0]; root of factory hierarchy
19:17:26.216 [Thread-1] INFO  o.s.o.j.LocalContainerEntityManagerFactoryBean - Closing JPA EntityManagerFactory for persistence unit 'default'
19:17:26.439 [Thread-1] INFO  com.jolbox.bonecp.BoneCP - Shutting down connection pool...
19:17:26.567 [Thread-1] INFO  com.jolbox.bonecp.BoneCP - Connection pool has been shutdown.
